[debug] [2024-11-24T04:04:55.860Z] ----------------------------------------------------------------------
[debug] [2024-11-24T04:04:55.862Z] Command:       C:\Program Files\nodejs\node.exe C:\Users\smit\AppData\Roaming\npm\node_modules\firebase-tools\lib\bin\firebase.js init
[debug] [2024-11-24T04:04:55.863Z] CLI Version:   13.27.0
[debug] [2024-11-24T04:04:55.863Z] Platform:      win32
[debug] [2024-11-24T04:04:55.863Z] Node Version:  v18.20.5
[debug] [2024-11-24T04:04:55.864Z] Time:          Sat Nov 23 2024 23:04:55 GMT-0500 (hora estándar de Perú)
[debug] [2024-11-24T04:04:55.864Z] ----------------------------------------------------------------------
[debug] 
[debug] [2024-11-24T04:04:55.925Z] > command requires scopes: ["email","openid","https://www.googleapis.com/auth/cloudplatformprojects.readonly","https://www.googleapis.com/auth/firebase","https://www.googleapis.com/auth/cloud-platform"]
[debug] [2024-11-24T04:04:55.926Z] > authorizing via signed-in user (dalmiromejor@gmail.com)
[info] 
     ######## #### ########  ######## ########     ###     ######  ########
     ##        ##  ##     ## ##       ##     ##  ##   ##  ##       ##
     ######    ##  ########  ######   ########  #########  ######  ######
     ##        ##  ##    ##  ##       ##     ## ##     ##       ## ##
     ##       #### ##     ## ######## ########  ##     ##  ######  ########

You're about to initialize a Firebase project in this directory:

  C:\Users\smit\Documents\EDEN\CICLO V\Programacion Web\Trabajos\eden_proyfinal

Before we get started, keep in mind:

  * You are initializing within an existing Firebase project directory

